Determining if the pthread_create exist failed with the following output:
Change Dir: /home/htqcheng/MRSD Spring 2020/Folders/build/CMakeFiles/CMakeTmp

Run Build Command:"/usr/bin/make" "cmTC_37f7d/fast"
/usr/bin/make -f CMakeFiles/cmTC_37f7d.dir/build.make CMakeFiles/cmTC_37f7d.dir/build
make[1]: Entering directory '/home/htqcheng/MRSD Spring 2020/Folders/build/CMakeFiles/CMakeTmp'
Building C object CMakeFiles/cmTC_37f7d.dir/CheckSymbolExists.c.o
/usr/bin/cc    -o CMakeFiles/cmTC_37f7d.dir/CheckSymbolExists.c.o   -c "/home/htqcheng/MRSD Spring 2020/Folders/build/CMakeFiles/CMakeTmp/CheckSymbolExists.c"
Linking C executable cmTC_37f7d
/usr/bin/cmake -E cmake_link_script CMakeFiles/cmTC_37f7d.dir/link.txt --verbose=1
/usr/bin/cc      -rdynamic CMakeFiles/cmTC_37f7d.dir/CheckSymbolExists.c.o  -o cmTC_37f7d 
CMakeFiles/cmTC_37f7d.dir/CheckSymbolExists.c.o: In function `main':
CheckSymbolExists.c:(.text+0x1b): undefined reference to `pthread_create'
collect2: error: ld returned 1 exit status
CMakeFiles/cmTC_37f7d.dir/build.make:97: recipe for target 'cmTC_37f7d' failed
make[1]: *** [cmTC_37f7d] Error 1
make[1]: Leaving directory '/home/htqcheng/MRSD Spring 2020/Folders/build/CMakeFiles/CMakeTmp'
Makefile:126: recipe for target 'cmTC_37f7d/fast' failed
make: *** [cmTC_37f7d/fast] Error 2

File /home/htqcheng/MRSD Spring 2020/Folders/build/CMakeFiles/CMakeTmp/CheckSymbolExists.c:
/* */
#include <pthread.h>

int main(int argc, char** argv)
{
  (void)argv;
#ifndef pthread_create
  return ((int*)(&pthread_create))[argc];
#else
  (void)argc;
  return 0;
#endif
}

Determining if the function pthread_create exists in the pthreads failed with the following output:
Change Dir: /home/htqcheng/MRSD Spring 2020/Folders/build/CMakeFiles/CMakeTmp

Run Build Command:"/usr/bin/make" "cmTC_4f903/fast"
/usr/bin/make -f CMakeFiles/cmTC_4f903.dir/build.make CMakeFiles/cmTC_4f903.dir/build
make[1]: Entering directory '/home/htqcheng/MRSD Spring 2020/Folders/build/CMakeFiles/CMakeTmp'
Building C object CMakeFiles/cmTC_4f903.dir/CheckFunctionExists.c.o
/usr/bin/cc   -DCHECK_FUNCTION_EXISTS=pthread_create   -o CMakeFiles/cmTC_4f903.dir/CheckFunctionExists.c.o   -c /usr/share/cmake-3.10/Modules/CheckFunctionExists.c
Linking C executable cmTC_4f903
/usr/bin/cmake -E cmake_link_script CMakeFiles/cmTC_4f903.dir/link.txt --verbose=1
/usr/bin/cc  -DCHECK_FUNCTION_EXISTS=pthread_create    -rdynamic CMakeFiles/cmTC_4f903.dir/CheckFunctionExists.c.o  -o cmTC_4f903 -lpthreads 
/usr/bin/ld: cannot find -lpthreads
collect2: error: ld returned 1 exit status
CMakeFiles/cmTC_4f903.dir/build.make:97: recipe for target 'cmTC_4f903' failed
make[1]: *** [cmTC_4f903] Error 1
make[1]: Leaving directory '/home/htqcheng/MRSD Spring 2020/Folders/build/CMakeFiles/CMakeTmp'
Makefile:126: recipe for target 'cmTC_4f903/fast' failed
make: *** [cmTC_4f903/fast] Error 2


